2023-01-06 10:09:27,124 ERROR 55191 [-/127.0.0.1/-/0ms GET /] nodejs.MongooseServerSelectionError: [egg-mongoose]connection timed out
    at NativeConnection.Connection.openUri (/Users/web/my-code/DoraCMS/node_modules/mongoose/lib/connection.js:847:32)
    at Mongoose.createConnection (/Users/web/my-code/DoraCMS/node_modules/mongoose/lib/index.js:291:17)
    at Singleton.createOneClient [as create] (/Users/web/my-code/DoraCMS/node_modules/egg-mongoose/lib/mongoose.js:82:23)
    at Singleton.createInstance (/Users/web/my-code/DoraCMS/node_modules/egg/lib/core/singleton.js:88:17)
    at Singleton.initSync (/Users/web/my-code/DoraCMS/node_modules/egg/lib/core/singleton.js:31:27)
    at Singleton.init (/Users/web/my-code/DoraCMS/node_modules/egg/lib/core/singleton.js:21:68)
    at Application.addSingleton (/Users/web/my-code/DoraCMS/node_modules/egg/lib/egg.js:474:35)
    at module.exports (/Users/web/my-code/DoraCMS/node_modules/egg-mongoose/lib/mongoose.js:34:7)
    at module.exports (/Users/web/my-code/DoraCMS/node_modules/egg-mongoose/app.js:4:57)
    at Hook.configDidLoad (/Users/web/my-code/DoraCMS/node_modules/egg-core/lib/lifecycle.js:99:9)
    at Lifecycle.triggerConfigDidLoad (/Users/web/my-code/DoraCMS/node_modules/egg-core/lib/lifecycle.js:154:14)
    at Lifecycle.triggerConfigWillLoad (/Users/web/my-code/DoraCMS/node_modules/egg-core/lib/lifecycle.js:148:10)
    at AppWorkerLoader.loadCustomApp (/Users/web/my-code/DoraCMS/node_modules/egg-core/lib/loader/mixin/custom.js:37:20)
    at AppWorkerLoader.load (/Users/web/my-code/DoraCMS/node_modules/egg/lib/loader/app_worker_loader.js:35:10)
    at new Application (/Users/web/my-code/DoraCMS/node_modules/egg/lib/application.js:66:19)
    at Object.<anonymous> (/Users/web/my-code/DoraCMS/node_modules/egg-cluster/lib/app_worker.js:23:9)
message: "[egg-mongoose]connection timed out"
reason: {"type":"Single","setName":null,"maxSetVersion":null,"maxElectionId":null,"servers":{},"stale":false,"compatible":true,"compatibilityError":null,"logicalSessionTimeoutMinutes":null,"heartbeatFrequencyMS":10000,"localThresholdMS":15,"commonWireVersion":null}
pid: 55191
hostname: webdeMac-mini.local

2023-01-06 10:31:45,224 ERROR 58571 [-/127.0.0.1/-/1ms GET /] nodejs.MongooseServerSelectionError: [egg-mongoose]connection timed out
    at NativeConnection.Connection.openUri (/Users/web/my-code/DoraCMS/node_modules/mongoose/lib/connection.js:847:32)
    at Mongoose.createConnection (/Users/web/my-code/DoraCMS/node_modules/mongoose/lib/index.js:291:17)
    at Singleton.createOneClient [as create] (/Users/web/my-code/DoraCMS/node_modules/egg-mongoose/lib/mongoose.js:82:23)
    at Singleton.createInstance (/Users/web/my-code/DoraCMS/node_modules/egg/lib/core/singleton.js:88:17)
    at Singleton.initSync (/Users/web/my-code/DoraCMS/node_modules/egg/lib/core/singleton.js:31:27)
    at Singleton.init (/Users/web/my-code/DoraCMS/node_modules/egg/lib/core/singleton.js:21:68)
    at Application.addSingleton (/Users/web/my-code/DoraCMS/node_modules/egg/lib/egg.js:474:35)
    at module.exports (/Users/web/my-code/DoraCMS/node_modules/egg-mongoose/lib/mongoose.js:34:7)
    at module.exports (/Users/web/my-code/DoraCMS/node_modules/egg-mongoose/app.js:4:57)
    at Hook.configDidLoad (/Users/web/my-code/DoraCMS/node_modules/egg-core/lib/lifecycle.js:99:9)
    at Lifecycle.triggerConfigDidLoad (/Users/web/my-code/DoraCMS/node_modules/egg-core/lib/lifecycle.js:154:14)
    at Lifecycle.triggerConfigWillLoad (/Users/web/my-code/DoraCMS/node_modules/egg-core/lib/lifecycle.js:148:10)
    at AppWorkerLoader.loadCustomApp (/Users/web/my-code/DoraCMS/node_modules/egg-core/lib/loader/mixin/custom.js:37:20)
    at AppWorkerLoader.load (/Users/web/my-code/DoraCMS/node_modules/egg/lib/loader/app_worker_loader.js:35:10)
    at new Application (/Users/web/my-code/DoraCMS/node_modules/egg/lib/application.js:66:19)
    at Object.<anonymous> (/Users/web/my-code/DoraCMS/node_modules/egg-cluster/lib/app_worker.js:23:9)
message: "[egg-mongoose]connection timed out"
reason: {"type":"Single","setName":null,"maxSetVersion":null,"maxElectionId":null,"servers":{},"stale":false,"compatible":true,"compatibilityError":null,"logicalSessionTimeoutMinutes":null,"heartbeatFrequencyMS":10000,"localThresholdMS":15,"commonWireVersion":null}
pid: 58571
hostname: webdeMac-mini.local

