2023-01-06 10:08:56,819 INFO 55191 [egg:logger] init all loggers with options: {"dir":"/Users/web/my-code/DoraCMS/logs","encoding":"utf8","env":"local","level":"INFO","consoleLevel":"INFO","disableConsoleAfterReady":false,"outputJSON":false,"buffer":true,"appLogName":"doracms2-web.log","coreLogName":"egg-web.log","agentLogName":"egg-agent.log","errorLogName":"common-error.log","coreLogger":{"consoleLevel":"WARN"},"allowDebugAtProd":false,"enablePerformanceTimer":false,"type":"application"}
2023-01-06 10:08:56,819 INFO 55191 [egg-view-nunjucks] loading templates from "/Users/web/my-code/DoraCMS/app/view"
2023-01-06 10:08:56,887 INFO 55191 [egg-multipart] stream mode enable
2023-01-06 10:08:57,105 INFO 55191 [egg-mongoose] connecting mongodb://192.168.31.102:27018/doracms2
2023-01-06 10:08:57,496 INFO 55191 [egg-static] starting static serve /static -> /Users/web/my-code/DoraCMS/app/public
2023-01-06 10:08:57,497 INFO 55191 [egg-static] starting static serve /static -> /Users/web/my-code/DoraCMS/backstage/dist
2023-01-06 10:08:57,499 INFO 55191 [egg-security] use methodnoallow middleware
2023-01-06 10:08:57,499 INFO 55191 [egg-security] use noopen middleware
2023-01-06 10:08:57,500 INFO 55191 [egg-security] use nosniff middleware
2023-01-06 10:08:57,500 INFO 55191 [egg-security] use xssProtection middleware
2023-01-06 10:08:57,500 INFO 55191 [egg-security] use xframe middleware
2023-01-06 10:08:57,500 INFO 55191 [egg-security] use dta middleware
2023-01-06 10:08:57,500 INFO 55191 [egg-security] compose 6 middlewares into one security middleware
2023-01-06 10:08:57,534 INFO 55191 [egg:core] dump config after load, 9ms
2023-01-06 10:08:57,536 INFO 55191 [egg-mongoose] starting...
2023-01-06 10:08:57,593 INFO 55191 [egg-watcher:application] watcher start success
2023-01-06 10:09:27,119 ERROR 55191 [egg-mongoose] mongodb://192.168.31.102:27018/doracms2 disconnected
2023-01-06 10:09:27,122 ERROR 55191 nodejs.MongooseServerSelectionError: [egg-mongoose]connection timed out
    at NativeConnection.Connection.openUri (/Users/web/my-code/DoraCMS/node_modules/mongoose/lib/connection.js:847:32)
    at Mongoose.createConnection (/Users/web/my-code/DoraCMS/node_modules/mongoose/lib/index.js:291:17)
    at Singleton.createOneClient [as create] (/Users/web/my-code/DoraCMS/node_modules/egg-mongoose/lib/mongoose.js:82:23)
    at Singleton.createInstance (/Users/web/my-code/DoraCMS/node_modules/egg/lib/core/singleton.js:88:17)
    at Singleton.initSync (/Users/web/my-code/DoraCMS/node_modules/egg/lib/core/singleton.js:31:27)
    at Singleton.init (/Users/web/my-code/DoraCMS/node_modules/egg/lib/core/singleton.js:21:68)
    at Application.addSingleton (/Users/web/my-code/DoraCMS/node_modules/egg/lib/egg.js:474:35)
    at module.exports (/Users/web/my-code/DoraCMS/node_modules/egg-mongoose/lib/mongoose.js:34:7)
    at module.exports (/Users/web/my-code/DoraCMS/node_modules/egg-mongoose/app.js:4:57)
    at Hook.configDidLoad (/Users/web/my-code/DoraCMS/node_modules/egg-core/lib/lifecycle.js:99:9)
    at Lifecycle.triggerConfigDidLoad (/Users/web/my-code/DoraCMS/node_modules/egg-core/lib/lifecycle.js:154:14)
    at Lifecycle.triggerConfigWillLoad (/Users/web/my-code/DoraCMS/node_modules/egg-core/lib/lifecycle.js:148:10)
    at AppWorkerLoader.loadCustomApp (/Users/web/my-code/DoraCMS/node_modules/egg-core/lib/loader/mixin/custom.js:37:20)
    at AppWorkerLoader.load (/Users/web/my-code/DoraCMS/node_modules/egg/lib/loader/app_worker_loader.js:35:10)
    at new Application (/Users/web/my-code/DoraCMS/node_modules/egg/lib/application.js:66:19)
    at Object.<anonymous> (/Users/web/my-code/DoraCMS/node_modules/egg-cluster/lib/app_worker.js:23:9)
message: "[egg-mongoose]connection timed out"
reason: {"type":"Single","setName":null,"maxSetVersion":null,"maxElectionId":null,"servers":{},"stale":false,"compatible":true,"compatibilityError":null,"logicalSessionTimeoutMinutes":null,"heartbeatFrequencyMS":10000,"localThresholdMS":15,"commonWireVersion":null}
pid: 55191
hostname: webdeMac-mini.local

2023-01-06 10:09:27,123 ERROR 55191 nodejs.MongooseServerSelectionError: [egg-mongoose]connection timed out
    at NativeConnection.Connection.openUri (/Users/web/my-code/DoraCMS/node_modules/mongoose/lib/connection.js:847:32)
    at Mongoose.createConnection (/Users/web/my-code/DoraCMS/node_modules/mongoose/lib/index.js:291:17)
    at Singleton.createOneClient [as create] (/Users/web/my-code/DoraCMS/node_modules/egg-mongoose/lib/mongoose.js:82:23)
    at Singleton.createInstance (/Users/web/my-code/DoraCMS/node_modules/egg/lib/core/singleton.js:88:17)
    at Singleton.initSync (/Users/web/my-code/DoraCMS/node_modules/egg/lib/core/singleton.js:31:27)
    at Singleton.init (/Users/web/my-code/DoraCMS/node_modules/egg/lib/core/singleton.js:21:68)
    at Application.addSingleton (/Users/web/my-code/DoraCMS/node_modules/egg/lib/egg.js:474:35)
    at module.exports (/Users/web/my-code/DoraCMS/node_modules/egg-mongoose/lib/mongoose.js:34:7)
    at module.exports (/Users/web/my-code/DoraCMS/node_modules/egg-mongoose/app.js:4:57)
    at Hook.configDidLoad (/Users/web/my-code/DoraCMS/node_modules/egg-core/lib/lifecycle.js:99:9)
    at Lifecycle.triggerConfigDidLoad (/Users/web/my-code/DoraCMS/node_modules/egg-core/lib/lifecycle.js:154:14)
    at Lifecycle.triggerConfigWillLoad (/Users/web/my-code/DoraCMS/node_modules/egg-core/lib/lifecycle.js:148:10)
    at AppWorkerLoader.loadCustomApp (/Users/web/my-code/DoraCMS/node_modules/egg-core/lib/loader/mixin/custom.js:37:20)
    at AppWorkerLoader.load (/Users/web/my-code/DoraCMS/node_modules/egg/lib/loader/app_worker_loader.js:35:10)
    at new Application (/Users/web/my-code/DoraCMS/node_modules/egg/lib/application.js:66:19)
    at Object.<anonymous> (/Users/web/my-code/DoraCMS/node_modules/egg-cluster/lib/app_worker.js:23:9)
message: "[egg-mongoose]connection timed out"
reason: {"type":"Single","setName":null,"maxSetVersion":null,"maxElectionId":null,"servers":{},"stale":false,"compatible":true,"compatibilityError":null,"logicalSessionTimeoutMinutes":null,"heartbeatFrequencyMS":10000,"localThresholdMS":15,"commonWireVersion":null}
pid: 55191
hostname: webdeMac-mini.local

2023-01-06 10:09:27,152 INFO 55191 [egg:core] dump config after ready, 16ms
2023-01-06 10:31:14,892 INFO 58571 [egg:logger] init all loggers with options: {"dir":"/Users/web/my-code/DoraCMS/logs","encoding":"utf8","env":"local","level":"INFO","consoleLevel":"INFO","disableConsoleAfterReady":false,"outputJSON":false,"buffer":true,"appLogName":"doracms2-web.log","coreLogName":"egg-web.log","agentLogName":"egg-agent.log","errorLogName":"common-error.log","coreLogger":{"consoleLevel":"WARN"},"allowDebugAtProd":false,"enablePerformanceTimer":false,"type":"application"}
2023-01-06 10:31:14,892 INFO 58571 [egg-view-nunjucks] loading templates from "/Users/web/my-code/DoraCMS/app/view"
2023-01-06 10:31:14,981 INFO 58571 [egg-multipart] stream mode enable
2023-01-06 10:31:15,162 INFO 58571 [egg-mongoose] connecting mongodb://192.168.31.102:27018/doracms2
2023-01-06 10:31:15,530 INFO 58571 [egg-static] starting static serve /static -> /Users/web/my-code/DoraCMS/app/public
2023-01-06 10:31:15,530 INFO 58571 [egg-static] starting static serve /static -> /Users/web/my-code/DoraCMS/backstage/dist
2023-01-06 10:31:15,532 INFO 58571 [egg-security] use methodnoallow middleware
2023-01-06 10:31:15,532 INFO 58571 [egg-security] use noopen middleware
2023-01-06 10:31:15,533 INFO 58571 [egg-security] use nosniff middleware
2023-01-06 10:31:15,533 INFO 58571 [egg-security] use xssProtection middleware
2023-01-06 10:31:15,533 INFO 58571 [egg-security] use xframe middleware
2023-01-06 10:31:15,533 INFO 58571 [egg-security] use dta middleware
2023-01-06 10:31:15,533 INFO 58571 [egg-security] compose 6 middlewares into one security middleware
2023-01-06 10:31:15,599 INFO 58571 [egg:core] dump config after load, 44ms
2023-01-06 10:31:15,601 INFO 58571 [egg-mongoose] starting...
2023-01-06 10:31:15,654 INFO 58571 [egg-watcher:application] watcher start success
2023-01-06 10:31:45,188 ERROR 58571 [egg-mongoose] mongodb://192.168.31.102:27018/doracms2 disconnected
2023-01-06 10:31:45,201 ERROR 58571 nodejs.MongooseServerSelectionError: [egg-mongoose]connection timed out
    at NativeConnection.Connection.openUri (/Users/web/my-code/DoraCMS/node_modules/mongoose/lib/connection.js:847:32)
    at Mongoose.createConnection (/Users/web/my-code/DoraCMS/node_modules/mongoose/lib/index.js:291:17)
    at Singleton.createOneClient [as create] (/Users/web/my-code/DoraCMS/node_modules/egg-mongoose/lib/mongoose.js:82:23)
    at Singleton.createInstance (/Users/web/my-code/DoraCMS/node_modules/egg/lib/core/singleton.js:88:17)
    at Singleton.initSync (/Users/web/my-code/DoraCMS/node_modules/egg/lib/core/singleton.js:31:27)
    at Singleton.init (/Users/web/my-code/DoraCMS/node_modules/egg/lib/core/singleton.js:21:68)
    at Application.addSingleton (/Users/web/my-code/DoraCMS/node_modules/egg/lib/egg.js:474:35)
    at module.exports (/Users/web/my-code/DoraCMS/node_modules/egg-mongoose/lib/mongoose.js:34:7)
    at module.exports (/Users/web/my-code/DoraCMS/node_modules/egg-mongoose/app.js:4:57)
    at Hook.configDidLoad (/Users/web/my-code/DoraCMS/node_modules/egg-core/lib/lifecycle.js:99:9)
    at Lifecycle.triggerConfigDidLoad (/Users/web/my-code/DoraCMS/node_modules/egg-core/lib/lifecycle.js:154:14)
    at Lifecycle.triggerConfigWillLoad (/Users/web/my-code/DoraCMS/node_modules/egg-core/lib/lifecycle.js:148:10)
    at AppWorkerLoader.loadCustomApp (/Users/web/my-code/DoraCMS/node_modules/egg-core/lib/loader/mixin/custom.js:37:20)
    at AppWorkerLoader.load (/Users/web/my-code/DoraCMS/node_modules/egg/lib/loader/app_worker_loader.js:35:10)
    at new Application (/Users/web/my-code/DoraCMS/node_modules/egg/lib/application.js:66:19)
    at Object.<anonymous> (/Users/web/my-code/DoraCMS/node_modules/egg-cluster/lib/app_worker.js:23:9)
message: "[egg-mongoose]connection timed out"
reason: {"type":"Single","setName":null,"maxSetVersion":null,"maxElectionId":null,"servers":{},"stale":false,"compatible":true,"compatibilityError":null,"logicalSessionTimeoutMinutes":null,"heartbeatFrequencyMS":10000,"localThresholdMS":15,"commonWireVersion":null}
pid: 58571
hostname: webdeMac-mini.local

2023-01-06 10:31:45,206 ERROR 58571 nodejs.MongooseServerSelectionError: [egg-mongoose]connection timed out
    at NativeConnection.Connection.openUri (/Users/web/my-code/DoraCMS/node_modules/mongoose/lib/connection.js:847:32)
    at Mongoose.createConnection (/Users/web/my-code/DoraCMS/node_modules/mongoose/lib/index.js:291:17)
    at Singleton.createOneClient [as create] (/Users/web/my-code/DoraCMS/node_modules/egg-mongoose/lib/mongoose.js:82:23)
    at Singleton.createInstance (/Users/web/my-code/DoraCMS/node_modules/egg/lib/core/singleton.js:88:17)
    at Singleton.initSync (/Users/web/my-code/DoraCMS/node_modules/egg/lib/core/singleton.js:31:27)
    at Singleton.init (/Users/web/my-code/DoraCMS/node_modules/egg/lib/core/singleton.js:21:68)
    at Application.addSingleton (/Users/web/my-code/DoraCMS/node_modules/egg/lib/egg.js:474:35)
    at module.exports (/Users/web/my-code/DoraCMS/node_modules/egg-mongoose/lib/mongoose.js:34:7)
    at module.exports (/Users/web/my-code/DoraCMS/node_modules/egg-mongoose/app.js:4:57)
    at Hook.configDidLoad (/Users/web/my-code/DoraCMS/node_modules/egg-core/lib/lifecycle.js:99:9)
    at Lifecycle.triggerConfigDidLoad (/Users/web/my-code/DoraCMS/node_modules/egg-core/lib/lifecycle.js:154:14)
    at Lifecycle.triggerConfigWillLoad (/Users/web/my-code/DoraCMS/node_modules/egg-core/lib/lifecycle.js:148:10)
    at AppWorkerLoader.loadCustomApp (/Users/web/my-code/DoraCMS/node_modules/egg-core/lib/loader/mixin/custom.js:37:20)
    at AppWorkerLoader.load (/Users/web/my-code/DoraCMS/node_modules/egg/lib/loader/app_worker_loader.js:35:10)
    at new Application (/Users/web/my-code/DoraCMS/node_modules/egg/lib/application.js:66:19)
    at Object.<anonymous> (/Users/web/my-code/DoraCMS/node_modules/egg-cluster/lib/app_worker.js:23:9)
message: "[egg-mongoose]connection timed out"
reason: {"type":"Single","setName":null,"maxSetVersion":null,"maxElectionId":null,"servers":{},"stale":false,"compatible":true,"compatibilityError":null,"logicalSessionTimeoutMinutes":null,"heartbeatFrequencyMS":10000,"localThresholdMS":15,"commonWireVersion":null}
pid: 58571
hostname: webdeMac-mini.local

2023-01-06 10:31:45,281 INFO 58571 [egg:core] dump config after ready, 36ms
2023-01-06 10:32:06,492 INFO 58723 [egg:logger] init all loggers with options: {"dir":"/Users/web/my-code/DoraCMS/logs","encoding":"utf8","env":"local","level":"INFO","consoleLevel":"INFO","disableConsoleAfterReady":false,"outputJSON":false,"buffer":true,"appLogName":"doracms2-web.log","coreLogName":"egg-web.log","agentLogName":"egg-agent.log","errorLogName":"common-error.log","coreLogger":{"consoleLevel":"WARN"},"allowDebugAtProd":false,"enablePerformanceTimer":false,"type":"application"}
2023-01-06 10:32:06,492 INFO 58723 [egg-view-nunjucks] loading templates from "/Users/web/my-code/DoraCMS/app/view"
2023-01-06 10:32:06,569 INFO 58723 [egg-multipart] stream mode enable
2023-01-06 10:32:06,764 INFO 58723 [egg-mongoose] connecting mongodb://localhost:27017/doracms2
2023-01-06 10:32:07,121 INFO 58723 [egg-static] starting static serve /static -> /Users/web/my-code/DoraCMS/app/public
2023-01-06 10:32:07,121 INFO 58723 [egg-static] starting static serve /static -> /Users/web/my-code/DoraCMS/backstage/dist
2023-01-06 10:32:07,124 INFO 58723 [egg-security] use methodnoallow middleware
2023-01-06 10:32:07,124 INFO 58723 [egg-security] use noopen middleware
2023-01-06 10:32:07,124 INFO 58723 [egg-security] use nosniff middleware
2023-01-06 10:32:07,125 INFO 58723 [egg-security] use xssProtection middleware
2023-01-06 10:32:07,125 INFO 58723 [egg-security] use xframe middleware
2023-01-06 10:32:07,125 INFO 58723 [egg-security] use dta middleware
2023-01-06 10:32:07,125 INFO 58723 [egg-security] compose 6 middlewares into one security middleware
2023-01-06 10:32:07,155 INFO 58723 [egg:core] dump config after load, 8ms
2023-01-06 10:32:07,156 INFO 58723 [egg-mongoose] starting...
2023-01-06 10:32:07,214 INFO 58723 [egg-watcher:application] watcher start success
2023-01-06 10:32:07,225 INFO 58723 [egg-mongoose] mongodb://localhost:27017/doracms2 connected successfully
2023-01-06 10:32:07,230 INFO 58723 [egg-mongoose] instance[0] start successfully
2023-01-06 10:32:07,259 INFO 58723 [egg:core] dump config after ready, 8ms
